<?xml version="1.0" encoding="UTF-8"?>
<!-- Generated by org.testng.reporters.JUnitReportReporter -->
<testsuite hostname="PC" name="org.com.demo.OrangeAppTest" tests="1" failures="0" timestamp="18 Dec 2016 15:08:41 GMT" time="0.001" errors="1">
  <testcase name="testHomePageAfterLogin" time="0.001" classname="org.com.demo.OrangeAppTest">
    <error type="org.openqa.selenium.WebDriverException" message="Reached error page: about:certerror?e=nssBadCert&amp;u=https%3A//enterprise-demo.orangehrmlive.com/&amp;c=UTF-8&amp;f=regular&amp;d=enterprise-demo.orangehrmlive.com%20uses%20an%20invalid%20security%20certificate.%0A%0AThe%20certificate%20is%20not%20trusted%20because%20the%20issuer%20certificate%20is%20unknown.%0AThe%20server%20might%20not%20be%20sending%20the%20appropriate%20intermediate%20certificates.%0AAn%20additional%20root%20certificate%20may%20need%20to%20be%20imported.%0A%0AError%20code%3A%20%3Ca%20id%3D%22errorCode%22%20title%3D%22SEC_ERROR_UNKNOWN_ISSUER%22%3ESEC_ERROR_UNKNOWN_ISSUER%3C/a%3E%0A
Build info: version: &#039;3.0.1&#039;, revision: &#039;1969d75&#039;, time: &#039;2016-10-18 09:49:13 -0700&#039;
System info: host: &#039;PC&#039;, ip: &#039;192.168.173.2&#039;, os.name: &#039;Windows 8.1&#039;, os.arch: &#039;x86&#039;, os.version: &#039;6.3&#039;, java.version: &#039;1.8.0_73&#039;
Driver info: org.openqa.selenium.firefox.FirefoxDriver
Capabilities [{rotatable=false, raisesAccessibilityExceptions=false, marionette=true, firefoxOptions={args=[], prefs={}}, appBuildId=20161208153507, version=, platform=XP, proxy={}, command_id=1, specificationLevel=0, acceptSslCerts=false, processId=6868, browserVersion=50.1.0, platformVersion=6.3, XULappId={ec8030f7-c20a-464f-9b0e-13a3a9e97384}, browserName=firefox, takesScreenshot=true, takesElementScreenshot=true, platformName=windows_nt}]
Session ID: 5d583619-21e5-4992-bc7c-6ba44353199a">
      <![CDATA[org.openqa.selenium.WebDriverException: Reached error page: about:certerror?e=nssBadCert&u=https%3A//enterprise-demo.orangehrmlive.com/&c=UTF-8&f=regular&d=enterprise-demo.orangehrmlive.com%20uses%20an%20invalid%20security%20certificate.%0A%0AThe%20certificate%20is%20not%20trusted%20because%20the%20issuer%20certificate%20is%20unknown.%0AThe%20server%20might%20not%20be%20sending%20the%20appropriate%20intermediate%20certificates.%0AAn%20additional%20root%20certificate%20may%20need%20to%20be%20imported.%0A%0AError%20code%3A%20%3Ca%20id%3D%22errorCode%22%20title%3D%22SEC_ERROR_UNKNOWN_ISSUER%22%3ESEC_ERROR_UNKNOWN_ISSUER%3C/a%3E%0A
Build info: version: '3.0.1', revision: '1969d75', time: '2016-10-18 09:49:13 -0700'
System info: host: 'PC', ip: '192.168.173.2', os.name: 'Windows 8.1', os.arch: 'x86', os.version: '6.3', java.version: '1.8.0_73'
Driver info: org.openqa.selenium.firefox.FirefoxDriver
Capabilities [{rotatable=false, raisesAccessibilityExceptions=false, marionette=true, firefoxOptions={args=[], prefs={}}, appBuildId=20161208153507, version=, platform=XP, proxy={}, command_id=1, specificationLevel=0, acceptSslCerts=false, processId=6868, browserVersion=50.1.0, platformVersion=6.3, XULappId={ec8030f7-c20a-464f-9b0e-13a3a9e97384}, browserName=firefox, takesScreenshot=true, takesElementScreenshot=true, platformName=windows_nt}]
Session ID: 5d583619-21e5-4992-bc7c-6ba44353199a
	at sun.reflect.NativeConstructorAccessorImpl.newInstance0(Native Method)
	at sun.reflect.NativeConstructorAccessorImpl.newInstance(NativeConstructorAccessorImpl.java:62)
	at sun.reflect.DelegatingConstructorAccessorImpl.newInstance(DelegatingConstructorAccessorImpl.java:45)
	at java.lang.reflect.Constructor.newInstance(Constructor.java:422)
	at org.openqa.selenium.remote.http.W3CHttpResponseCodec.createException(W3CHttpResponseCodec.java:127)
	at org.openqa.selenium.remote.http.W3CHttpResponseCodec.decode(W3CHttpResponseCodec.java:93)
	at org.openqa.selenium.remote.http.W3CHttpResponseCodec.decode(W3CHttpResponseCodec.java:42)
	at org.openqa.selenium.remote.HttpCommandExecutor.execute(HttpCommandExecutor.java:163)
	at org.openqa.selenium.remote.service.DriverCommandExecutor.execute(DriverCommandExecutor.java:82)
	at org.openqa.selenium.remote.RemoteWebDriver.execute(RemoteWebDriver.java:601)
	at org.openqa.selenium.remote.RemoteWebDriver.get(RemoteWebDriver.java:322)
	at org.com.demo.util.Test_Util.startApplication(Test_Util.java:112)
	at org.com.demo.OrangeAppTest.startApp(OrangeAppTest.java:25)
	at sun.reflect.NativeMethodAccessorImpl.invoke0(Native Method)
	at sun.reflect.NativeMethodAccessorImpl.invoke(NativeMethodAccessorImpl.java:62)
	at sun.reflect.DelegatingMethodAccessorImpl.invoke(DelegatingMethodAccessorImpl.java:43)
	at java.lang.reflect.Method.invoke(Method.java:497)
	at org.testng.internal.MethodInvocationHelper.invokeMethod(MethodInvocationHelper.java:86)
	at org.testng.internal.Invoker.invokeConfigurationMethod(Invoker.java:514)
	at org.testng.internal.Invoker.invokeConfigurations(Invoker.java:215)
	at org.testng.internal.Invoker.invokeConfigurations(Invoker.java:142)
	at org.testng.internal.TestMethodWorker.invokeBeforeClassMethods(TestMethodWorker.java:178)
	at org.testng.internal.TestMethodWorker.run(TestMethodWorker.java:108)
	at org.testng.TestRunner.privateRun(TestRunner.java:782)
	at org.testng.TestRunner.run(TestRunner.java:632)
	at org.testng.SuiteRunner.runTest(SuiteRunner.java:366)
	at org.testng.SuiteRunner.runSequentially(SuiteRunner.java:361)
	at org.testng.SuiteRunner.privateRun(SuiteRunner.java:319)
	at org.testng.SuiteRunner.run(SuiteRunner.java:268)
	at org.testng.SuiteRunnerWorker.runSuite(SuiteRunnerWorker.java:52)
	at org.testng.SuiteRunnerWorker.run(SuiteRunnerWorker.java:86)
	at org.testng.TestNG.runSuitesSequentially(TestNG.java:1244)
	at org.testng.TestNG.runSuitesLocally(TestNG.java:1169)
	at org.testng.TestNG.run(TestNG.java:1064)
	at org.testng.remote.RemoteTestNG.run(RemoteTestNG.java:113)
	at org.testng.remote.RemoteTestNG.initAndRun(RemoteTestNG.java:206)
	at org.testng.remote.RemoteTestNG.main(RemoteTestNG.java:177)
]]>
    </error>
  </testcase> <!-- testHomePageAfterLogin -->
</testsuite> <!-- org.com.demo.OrangeAppTest -->
