<?xml version="1.0" encoding="UTF-8"?>
<!-- Generated by org.testng.reporters.JUnitReportReporter -->
<testsuite hostname="PC" name="org.com.demo.DemoQaAppTest" tests="5" failures="0" timestamp="18 Dec 2016 17:14:55 GMT" time="5.077" errors="0">
  <testcase name="testHomeAboutUs" time="1.325" classname="org.com.demo.DemoQaAppTest"/>
  <testcase name="testHomeDemo" time="0.507" classname="org.com.demo.DemoQaAppTest"/>
  <testcase name="testHomeServices" time="1.195" classname="org.com.demo.DemoQaAppTest"/>
  <testcase name="testHomeTabs" time="1.827" classname="org.com.demo.DemoQaAppTest"/>
  <testcase name="testHomePage" time="0.223" classname="org.com.demo.DemoQaAppTest"/>
</testsuite> <!-- org.com.demo.DemoQaAppTest -->
