<?xml version="1.0" encoding="UTF-8"?>
<!-- Generated by org.testng.reporters.JUnitReportReporter -->
<testsuite hostname="PC" name="org.com.demo.SampleTestNgTest" tests="2" failures="0" timestamp="18 Dec 2016 02:17:10 GMT" time="0.221" errors="0">
  <testcase name="testProfile" time="0.100" classname="org.com.demo.SampleTestNgTest"/>
  <testcase name="testHomePageHasAHeader" time="0.121" classname="org.com.demo.SampleTestNgTest"/>
</testsuite> <!-- org.com.demo.SampleTestNgTest -->
